{"message":"Unauthorized request to path: /","level":"error"}
{"message":"Unauthorized request to path: /bookmarks","level":"error"}
{"message":"Unauthorized request to path: /bookmarks/adbe42ca-38f4-495a-8afb-787b8223e3f5","level":"error"}
{"message":"Bookmark id:undefined not found","level":"error"}
{"message":"Unauthorized request to path: /bookmarks/adbe42ca-38f4-495a-8afb-787b8223e3f5","level":"error"}
{"message":"Unauthorized request to path: /bookmarks/adbe42ca-38f4-495a-8afb-787b8223e3f5","level":"error"}
{"message":"Bookmark id:adbe42ca-38f4-495a-8afb-787b8223e3f5 not found","level":"error"}
{"message":"Unauthorized request to path: /bookmarks/adbe42ca-38f4-495a-8afb-787b8223e3f5","level":"error"}
{"message":"Bookmark id:adbe42ca-38f4-495a-8afb-787b8223e3f5 not found","level":"error"}
{"message":"Unauthorized request to path: /bookmarks/adbe42ca-38f4-495a-8afb-787b8223e3f5","level":"error"}
{"message":"Bookmark id:adbe42ca-38f4-495a-8afb-787b8223e3f5 not found","level":"error"}
{"message":"Unauthorized request to path: /bookmarks/adbe42ca-38f4-495a-8afb-787b8223e3f5","level":"error"}
{"message":"Bookmark id:adbe42ca-38f4-495a-8afb-787b8223e3f5 not found","level":"error"}
{"message":"Unauthorized request to path: /bookmarks/adbe42ca-38f4-495a-8afb-787b8223e3f5","level":"error"}
{"message":"Unauthorized request to path: /bookmarks/adbe42ca-38f4-495a-8afb-787b8223e3f5","level":"error"}
{"message":"Bookmark id:adbe42ca-38f4-495a-8afb-787b8223e3f5 not found","level":"error"}
{"message":"Unauthorized request to path: /bookmarks/adbe42ca-38f4-495a-8afb-787b8223e3f5","level":"error"}
{"message":"Bookmark id:adbe42ca-38f4-495a-8afb-787b8223e3f5 not found","level":"error"}
{"message":"Unauthorized request to path: /bookmarks/adbe42ca-38f4-495a-8afb-787b8223e3f5","level":"error"}
{"message":"Bookmark id:adbe42ca-38f4-495a-8afb-787b8223e3f5 not found","level":"error"}
{"message":"Unauthorized request to path: /bookmarks","level":"error"}
{"message":"Unauthorized request to path: /bookmarks/94e3a2b0-5556-46e8-a7c8-e090dab86324","level":"error"}
{"message":"Unauthorized request to path: /bookmarks/94e3a2b0-5556-46e8-a7c8-e090dab86324","level":"error"}
{"message":"Bookmark id: undefined not found","level":"error"}
{"message":"Unauthorized request to path: /bookmarks","level":"error"}
{"message":"Unauthorized request to path: /bookmarks","level":"error"}
{"message":"Unauthorized request to path: /bookmarks/94e3a2b0-5556-46e8-a7c8-e090dab86324","level":"error"}
{"message":"Bookmark id: 94e3a2b0-5556-46e8-a7c8-e090dab86324 not found","level":"error"}
{"message":"Unauthorized request to path: /bookmarks/","level":"error"}
{"message":"Unauthorized request to path: /bookmarks/011b5ddf-ed6a-4d2f-8bfb-7f2da618a567","level":"error"}
{"message":"Bookmark with id 011b5ddf-ed6a-4d2f-8bfb-7f2da618a567 deleted","level":"info"}
{"message":"Unauthorized request to path: /bookmarks/","level":"error"}
{"message":"Unauthorized request to path: /bookmarks/","level":"error"}
{"message":"title is required","level":"error"}
{"message":"Unauthorized request to path: /bookmarks/","level":"error"}
{"message":"title is required","level":"error"}
{"message":"Unauthorized request to path: /bookmarks/","level":"error"}
{"message":"Unauthorized request to path: /bookmarks/","level":"error"}
{"message":"title is required","level":"error"}
{"message":"Unauthorized request to path: /","level":"error"}
{"message":"Unauthorized request to path: /bookmarks","level":"error"}
